Using pre-set license
Built from '2020.2/release' branch; Version is '2020.2.0f1 (3721df5a8b28) revision 3613151'; Using compiler version '192528614'; Build Type 'Release'
OS: 'Windows 10  (10.0.0) 64bit' Language: 'sv' Physical Memory: 16327 MB
BatchMode: 1, IsHumanControllingUs: 0, StartBugReporterOnCrash: 0, Is64bit: 1, IsPro: 0

 COMMAND LINE ARGUMENTS:
D:\Program\Unity\2020.2.0f1\Editor\Unity.exe
-adb2
-batchMode
-noUpm
-name
AssetImportWorker0
-projectPath
D:/Dokument/Unity Projects/FPSGunslinger/Zombie
-logFile
Logs/AssetImportWorker0.log
-srvPort
60821
Successfully changed project path to: D:/Dokument/Unity Projects/FPSGunslinger/Zombie
D:/Dokument/Unity Projects/FPSGunslinger/Zombie
Using Asset Import Pipeline V2.
Refreshing native plugins compatible for Editor in 820.22 ms, found 0 plugins.
Preloading 0 native plugins for Editor in 0.00 ms.
Initialize engine version: 2020.2.0f1 (3721df5a8b28)
[Subsystems] Discovering subsystems at path D:/Program/Unity/2020.2.0f1/Editor/Data/Resources/UnitySubsystems
[Subsystems] Discovering subsystems at path D:/Dokument/Unity Projects/FPSGunslinger/Zombie/Assets
GfxDevice: creating device client; threaded=0
d3d12: loaded!
Direct3D:
    Version:         Direct3D 12 [level 12.1]
    Renderer:        NVIDIA GeForce GTX 970 (ID=0x13c2)
    Vendor:          
    VRAM:            4043 MB
    App VRAM Budget: 3436 MB
    Driver:          27.21.14.6089
d3d12: Profiler is enabled, but stable power state is not. GPU timing errors are expected.

Failed to create a heap!

Initialize mono
Mono path[0] = 'D:/Program/Unity/2020.2.0f1/Editor/Data/Managed'
Mono path[1] = 'D:/Program/Unity/2020.2.0f1/Editor/Data/MonoBleedingEdge/lib/mono/unityjit'
Mono config path = 'D:/Program/Unity/2020.2.0f1/Editor/Data/MonoBleedingEdge/etc'
Using monoOptions --debugger-agent=transport=dt_socket,embedding=1,server=y,suspend=n,address=127.0.0.1:56320
Begin MonoManager ReloadAssembly
Registering precompiled unity dll's ...
Register platform support module: D:/Program/Unity/2020.2.0f1/Editor/Data/PlaybackEngines/WindowsStandaloneSupport/UnityEditor.WindowsStandalone.Extensions.dll
Registered in 0.107033 seconds.
Native extension for WindowsStandalone target not found
Refreshing native plugins compatible for Editor in 598.98 ms, found 0 plugins.
Preloading 0 native plugins for Editor in 0.00 ms.
Invoked RoslynAnalysisRunner static constructor.
RoslynAnalysisRunner will not be running.
RoslynAnalysisRunner has terminated.
Mono: successfully reloaded assembly
- Completed reload, in 14.692 seconds
Platform modules already initialized, skipping
Registering precompiled user dll's ...
Registered in 0.021412 seconds.
