
=== Tue Oct 29 08:51:24 2019

Packages were changed.
Update Mode: mergeDefaultDependencies

The following packages were added:
  com.unity.xr.management@3.0.3
The following packages were updated:
  com.unity.ide.vscode from version 1.0.7 to 1.1.2
  com.unity.test-framework from version 1.0.17 to 1.1.2
  com.unity.timeline from version 1.1.0 to 1.2.2

=== Tue Oct 29 14:10:55 2019

Packages were changed.
Update Mode: updateDependencies

The following packages were updated:
  com.unity.test-framework from version 1.1.2 to 1.1.3
  com.unity.timeline from version 1.2.2 to 1.2.4

=== Wed Sep  9 13:45:23 2020

Packages were changed.
Update Mode: updateDependencies

The following packages were added:
  com.unity.ide.visualstudio@2.0.2
The following packages were updated:
  com.unity.ads from version 2.0.8 to 3.4.7
  com.unity.analytics from version 3.3.2 to 3.3.5
  com.unity.collab-proxy from version 1.2.16 to 1.3.8
  com.unity.ide.rider from version 1.1.0 to 1.2.1
  com.unity.ide.vscode from version 1.1.2 to 1.2.1
  com.unity.inputsystem from version 1.0.0-preview.2 to 1.0.0
  com.unity.render-pipelines.universal from version 7.1.2 to 8.2.0
  com.unity.test-framework from version 1.1.3 to 1.1.14
  com.unity.textmeshpro from version 2.0.1 to 3.0.0-preview.1
  com.unity.timeline from version 1.2.4 to 1.2.6
  com.unity.visualeffectgraph from version 7.1.2 to 8.2.0
  com.unity.xr.management from version 3.0.3 to 3.2.13

=== Thu Feb 11 13:38:26 2021

Packages were changed.
Update Mode: updateDependencies

The following packages were updated:
  com.unity.ads from version 3.4.7 to 3.5.2
  com.unity.analytics from version 3.3.5 to 3.5.3
  com.unity.collab-proxy from version 1.3.8 to 1.3.9
  com.unity.ext.nunit from version 1.0.0 to 1.0.5
  com.unity.ide.rider from version 1.2.1 to 2.0.7
  com.unity.ide.visualstudio from version 2.0.2 to 2.0.5
  com.unity.ide.vscode from version 1.2.1 to 1.2.3
  com.unity.inputsystem from version 1.0.0 to 1.0.1
  com.unity.purchasing from version 2.0.6 to 2.1.1
  com.unity.render-pipelines.high-definition from version 8.2.0 to 10.2.2
  com.unity.test-framework from version 1.1.16 to 1.1.19
  com.unity.visualeffectgraph from version 8.2.0 to 10.2.2
